[0m2022.02.18 22:58:30 INFO  Started: Metals version 0.10.2 in workspace '/Users/scott/Documents/zio-http-sample' for client coc.nvim 0.0.80.[0m
[0m2022.02.18 22:58:31 INFO  time: initialize in 1.38s[0m
[0m2022.02.18 22:58:32 INFO  Attempting to connect to the build server...[0m
Starting the bsp launcher for bloop...
Opening a bsp server connection with 'bsp --protocol local --socket /var/folders/9n/_srtpnfj6zgb8zf1cd0jyfhr0000gn/T/bsp-launcher799154385347351063/bsp.socket'...
Waiting for the bsp connection to come up...
Waiting for the bsp connection to come up...
Waiting for the bsp connection to come up...
No server running at 127.0.0.1:8212, let's fire one...
Resolving ch.epfl.scala:bloop-frontend_2.12:1.4.8-19-4d9f966b...
Starting bloop server at 127.0.0.1:8212...
Attempting a connection to the server...
Attempting a connection to the server...
Attempting a connection to the server...
Attempting a connection to the server...
Attempting a connection to the server...
Attempting a connection to the server...
[0m[32m[D][0m Waiting for a connection at local:///var/folders/9n/_srtpnfj6zgb8zf1cd0jyfhr0000gn/T/bsp-launcher799154385347351063/bsp.socket...
The server is listening for incoming connections at local:///var/folders/9n/_srtpnfj6zgb8zf1cd0jyfhr0000gn/T/bsp-launcher799154385347351063/bsp.socket...
Starting thread that pumps stdin and redirects it to the bsp server...
Starting thread that pumps server stdout and redirects it to the client stdout...
[0m2022.02.18 22:58:34 INFO  tracing is disabled for protocol BSP, to enable tracing of incoming and outgoing JSON messages create an empty file at /Users/scott/Library/Caches/org.scalameta.metals/bsp.trace.json[0m
[0m2022.02.18 22:58:34 INFO  time: Connected to build server in 3.29s[0m
[0m2022.02.18 22:58:34 INFO  Connected to Build server: Bloop v1.4.8-19-4d9f966b[0m
[0m2022.02.18 22:58:35 ERROR Empty build targets. Expected at least one build target identifier.[0m
[0m2022.02.18 22:58:35 ERROR Empty build targets. Expected at least one build target identifier.[0m
[0m2022.02.18 22:58:35 ERROR Empty build targets. Expected at least one build target identifier.[0m
[0m2022.02.18 22:58:37 INFO  time: indexed workspace in 2.03s[0m
[0m2022.02.18 22:58:42 INFO  running '/Users/scott/.sdkman/candidates/java/current/bin/java -Djline.terminal=jline.UnsupportedTerminal -Dsbt.log.noformat=true -Dfile.encoding=UTF-8 -jar /var/folders/9n/_srtpnfj6zgb8zf1cd0jyfhr0000gn/T/metals2783841739138764441/sbt-launch.jar -Dbloop.export-jar-classifiers=sources bloopInstall'[0m
[0m2022.02.18 22:58:43 INFO  [info] welcome to sbt 1.6.2 (Amazon.com Inc. Java 11.0.11)[0m
[0m2022.02.18 22:58:44 INFO  [info] loading global plugins from /Users/scott/.sbt/1.0/plugins[0m
[0m2022.02.18 22:58:46 INFO  [info] loading settings for project zio-http-sample-build-build from metals.sbt ...[0m
[0m2022.02.18 22:58:46 INFO  [info] loading project definition from /Users/scott/Documents/zio-http-sample/project/project[0m
[0m2022.02.18 22:58:48 INFO  [info] loading settings for project zio-http-sample-build from metals.sbt ...[0m
[0m2022.02.18 22:58:48 INFO  [info] loading project definition from /Users/scott/Documents/zio-http-sample/project[0m
[0m2022.02.18 22:58:50 INFO  [success] Generated .bloop/zio-http-sample-build.json[0m
[0m2022.02.18 22:58:50 INFO  [success] Total time: 3 s, completed Feb 18, 2022, 10:58:50 PM[0m
[0m2022.02.18 22:58:51 INFO  [info] loading settings for project root from build.sbt ...[0m
[0m2022.02.18 22:58:51 INFO  [info] set current project to zio-http-sample (in build file:/Users/scott/Documents/zio-http-sample/)[0m
[0m2022.02.18 22:58:51 INFO  [success] Generated .bloop/root-test.json[0m
[0m2022.02.18 22:58:51 INFO  [success] Generated .bloop/root.json[0m
[0m2022.02.18 22:58:51 INFO  [success] Total time: 1 s, completed Feb 18, 2022, 10:58:52 PM[0m
[0m2022.02.18 22:58:53 INFO  sbt bloopInstall exit: 0[0m
[0m2022.02.18 22:58:53 INFO  time: ran 'sbt bloopInstall' in 10s[0m
[0m2022.02.18 22:58:53 INFO  Disconnecting from Bloop session...[0m
[0m2022.02.18 22:58:53 INFO  Shut down connection with build server.[0m
No more data in the client stdin, exiting...
[0m2022.02.18 22:58:53 INFO  Attempting to connect to the build server...[0m
Starting the bsp launcher for bloop...
Opening a bsp server connection with 'bsp --protocol local --socket /var/folders/9n/_srtpnfj6zgb8zf1cd0jyfhr0000gn/T/bsp-launcher17840307411162711093/bsp.socket'...
Waiting for the bsp connection to come up...
No more data in the server stdin, exiting...
No more data in the server stdin, exiting...
[0m[32m[D][0m Loading 2 projects from '/Users/scott/Documents/zio-http-sample/.bloop'...
[0m[32m[D][0m Loading project from '/Users/scott/Documents/zio-http-sample/.bloop/root.json'
[0m[32m[D][0m Loading project from '/Users/scott/Documents/zio-http-sample/.bloop/root-test.json'
[0m[32m[D][0m Cache miss for scala instance org.scala-lang:scala-compiler:2.13.8.
[0m[32m[D][0m   => /Users/scott/Library/Caches/Coursier/v1/https/repo1.maven.org/maven2/net/java/dev/jna/jna/5.9.0/jna-5.9.0.jar
[0m[32m[D][0m   => /Users/scott/Library/Caches/Coursier/v1/https/repo1.maven.org/maven2/org/jline/jline/3.21.0/jline-3.21.0.jar
[0m[32m[D][0m   => /Users/scott/Library/Caches/Coursier/v1/https/repo1.maven.org/maven2/org/scala-lang/scala-compiler/2.13.8/scala-compiler-2.13.8.jar
[0m[32m[D][0m   => /Users/scott/Library/Caches/Coursier/v1/https/repo1.maven.org/maven2/org/scala-lang/scala-library/2.13.8/scala-library-2.13.8.jar
[0m[32m[D][0m   => /Users/scott/Library/Caches/Coursier/v1/https/repo1.maven.org/maven2/org/scala-lang/scala-reflect/2.13.8/scala-reflect-2.13.8.jar
[0m[32m[D][0m Waiting for a connection at local:///var/folders/9n/_srtpnfj6zgb8zf1cd0jyfhr0000gn/T/bsp-launcher17840307411162711093/bsp.socket...
The server is listening for incoming connections at local:///var/folders/9n/_srtpnfj6zgb8zf1cd0jyfhr0000gn/T/bsp-launcher17840307411162711093/bsp.socket...
Starting thread that pumps stdin and redirects it to the bsp server...
Starting thread that pumps server stdout and redirects it to the client stdout...
[0m2022.02.18 22:58:53 INFO  tracing is disabled for protocol BSP, to enable tracing of incoming and outgoing JSON messages create an empty file at /Users/scott/Library/Caches/org.scalameta.metals/bsp.trace.json[0m
[0m2022.02.18 22:58:53 INFO  Attempting to connect to the build server...[0m
Starting the bsp launcher for bloop...
Opening a bsp server connection with 'bsp --protocol local --socket /var/folders/9n/_srtpnfj6zgb8zf1cd0jyfhr0000gn/T/bsp-launcher2154267181787097101/bsp.socket'...
Waiting for the bsp connection to come up...
[0m[32m[D][0m Loading workspace settings from bloop.settings.json
[0m[32m[D][0m Waiting for a connection at local:///var/folders/9n/_srtpnfj6zgb8zf1cd0jyfhr0000gn/T/bsp-launcher2154267181787097101/bsp.socket...
The server is listening for incoming connections at local:///var/folders/9n/_srtpnfj6zgb8zf1cd0jyfhr0000gn/T/bsp-launcher2154267181787097101/bsp.socket...
Starting thread that pumps stdin and redirects it to the bsp server...
Starting thread that pumps server stdout and redirects it to the client stdout...
[0m2022.02.18 22:58:53 INFO  tracing is disabled for protocol BSP, to enable tracing of incoming and outgoing JSON messages create an empty file at /Users/scott/Library/Caches/org.scalameta.metals/bsp.trace.json[0m
[0m2022.02.18 22:58:53 INFO  time: Connected to build server in 0.23s[0m
[0m2022.02.18 22:58:53 INFO  Connected to Build server: Bloop v1.4.8-19-4d9f966b[0m
[0m2022.02.18 22:58:57 INFO  time: indexed workspace in 4.51s[0m
No more data in the client stdin, exiting...
No more data in the client stdin, exiting...
[0m2022.02.18 22:59:26 INFO  Started: Metals version 0.10.2 in workspace '/Users/scott/Documents/zio-http-sample' for client coc.nvim 0.0.80.[0m
[0m2022.02.18 22:59:27 INFO  time: initialize in 1.23s[0m
[0m2022.02.18 22:59:28 INFO  Attempting to connect to the build server...[0m
Starting the bsp launcher for bloop...
Opening a bsp server connection with 'bsp --protocol local --socket /var/folders/9n/_srtpnfj6zgb8zf1cd0jyfhr0000gn/T/bsp-launcher1718966950641543724/bsp.socket'...
Waiting for the bsp connection to come up...
[0m2022.02.18 22:59:27 INFO  skipping build import with status 'Installed'[0m
Waiting for the bsp connection to come up...
Waiting for the bsp connection to come up...
No server running at 127.0.0.1:8212, let's fire one...
Resolving ch.epfl.scala:bloop-frontend_2.12:1.4.8-19-4d9f966b...
Starting bloop server at 127.0.0.1:8212...
Attempting a connection to the server...
Attempting a connection to the server...
Attempting a connection to the server...
Attempting a connection to the server...
[0m[32m[D][0m Loading workspace settings from bloop.settings.json
[0m[32m[D][0m Loading 2 projects from '/Users/scott/Documents/zio-http-sample/.bloop'...
[0m[32m[D][0m Loading project from '/Users/scott/Documents/zio-http-sample/.bloop/root-test.json'
[0m[32m[D][0m Loading project from '/Users/scott/Documents/zio-http-sample/.bloop/root.json'
[0m[32m[D][0m Cache miss for scala instance org.scala-lang:scala-compiler:2.13.8.
[0m[32m[D][0m   => /Users/scott/Library/Caches/Coursier/v1/https/repo1.maven.org/maven2/net/java/dev/jna/jna/5.9.0/jna-5.9.0.jar
[0m[32m[D][0m   => /Users/scott/Library/Caches/Coursier/v1/https/repo1.maven.org/maven2/org/jline/jline/3.21.0/jline-3.21.0.jar
[0m[32m[D][0m   => /Users/scott/Library/Caches/Coursier/v1/https/repo1.maven.org/maven2/org/scala-lang/scala-compiler/2.13.8/scala-compiler-2.13.8.jar
[0m[32m[D][0m   => /Users/scott/Library/Caches/Coursier/v1/https/repo1.maven.org/maven2/org/scala-lang/scala-library/2.13.8/scala-library-2.13.8.jar
[0m[32m[D][0m   => /Users/scott/Library/Caches/Coursier/v1/https/repo1.maven.org/maven2/org/scala-lang/scala-reflect/2.13.8/scala-reflect-2.13.8.jar
[0m[32m[D][0m Skipped configuration of SemanticDB in unsupported 2.13.8 projects
[0m[32m[D][0m Missing analysis file for project 'root-test'
[0m[32m[D][0m Missing analysis file for project 'root'
[0m[32m[D][0m Waiting for a connection at local:///var/folders/9n/_srtpnfj6zgb8zf1cd0jyfhr0000gn/T/bsp-launcher1718966950641543724/bsp.socket...
The server is listening for incoming connections at local:///var/folders/9n/_srtpnfj6zgb8zf1cd0jyfhr0000gn/T/bsp-launcher1718966950641543724/bsp.socket...
Starting thread that pumps stdin and redirects it to the bsp server...
Starting thread that pumps server stdout and redirects it to the client stdout...
[0m2022.02.18 22:59:30 INFO  tracing is disabled for protocol BSP, to enable tracing of incoming and outgoing JSON messages create an empty file at /Users/scott/Library/Caches/org.scalameta.metals/bsp.trace.json[0m
[0m2022.02.18 22:59:30 INFO  Attempting to connect to the build server...[0m
Starting the bsp launcher for bloop...
Opening a bsp server connection with 'bsp --protocol local --socket /var/folders/9n/_srtpnfj6zgb8zf1cd0jyfhr0000gn/T/bsp-launcher7692703783084426698/bsp.socket'...
Waiting for the bsp connection to come up...
[0m[32m[D][0m Loading workspace settings from bloop.settings.json
[0m[32m[D][0m Waiting for a connection at local:///var/folders/9n/_srtpnfj6zgb8zf1cd0jyfhr0000gn/T/bsp-launcher7692703783084426698/bsp.socket...
The server is listening for incoming connections at local:///var/folders/9n/_srtpnfj6zgb8zf1cd0jyfhr0000gn/T/bsp-launcher7692703783084426698/bsp.socket...
Starting thread that pumps stdin and redirects it to the bsp server...
Starting thread that pumps server stdout and redirects it to the client stdout...
[0m2022.02.18 22:59:31 INFO  tracing is disabled for protocol BSP, to enable tracing of incoming and outgoing JSON messages create an empty file at /Users/scott/Library/Caches/org.scalameta.metals/bsp.trace.json[0m
[0m2022.02.18 22:59:31 INFO  time: Connected to build server in 2.99s[0m
[0m2022.02.18 22:59:31 INFO  Connected to Build server: Bloop v1.4.8-19-4d9f966b[0m
No more data in the server stdin, exiting...
No more data in the server stdin, exiting...
No more data in the server stdin, exiting...
No more data in the server stdin, exiting...
[0m2022.02.18 22:59:53 INFO  Started: Metals version 0.10.2 in workspace '/Users/scott/Documents/zio-http-sample' for client coc.nvim 0.0.80.[0m
[0m2022.02.18 22:59:54 INFO  time: initialize in 1.18s[0m
[0m2022.02.18 22:59:57 INFO  Attempting to connect to the build server...[0m
Starting the bsp launcher for bloop...
Opening a bsp server connection with 'bsp --protocol local --socket /var/folders/9n/_srtpnfj6zgb8zf1cd0jyfhr0000gn/T/bsp-launcher1366253366242901049/bsp.socket'...
Waiting for the bsp connection to come up...
[0m2022.02.18 22:59:58 INFO  skipping build import with status 'Installed'[0m
[0m[32m[D][0m Loading workspace settings from bloop.settings.json
[0m[32m[D][0m Loading 2 projects from '/Users/scott/Documents/zio-http-sample/.bloop'...
[0m[32m[D][0m Loading project from '/Users/scott/Documents/zio-http-sample/.bloop/root.json'
[0m[32m[D][0m Loading project from '/Users/scott/Documents/zio-http-sample/.bloop/root-test.json'
[0m[32m[D][0m Cache miss for scala instance org.scala-lang:scala-compiler:2.13.8.
[0m[32m[D][0m   => /Users/scott/Library/Caches/Coursier/v1/https/repo1.maven.org/maven2/net/java/dev/jna/jna/5.9.0/jna-5.9.0.jar
[0m[32m[D][0m   => /Users/scott/Library/Caches/Coursier/v1/https/repo1.maven.org/maven2/org/jline/jline/3.21.0/jline-3.21.0.jar
[0m[32m[D][0m   => /Users/scott/Library/Caches/Coursier/v1/https/repo1.maven.org/maven2/org/scala-lang/scala-compiler/2.13.8/scala-compiler-2.13.8.jar
[0m[32m[D][0m   => /Users/scott/Library/Caches/Coursier/v1/https/repo1.maven.org/maven2/org/scala-lang/scala-library/2.13.8/scala-library-2.13.8.jar
[0m[32m[D][0m   => /Users/scott/Library/Caches/Coursier/v1/https/repo1.maven.org/maven2/org/scala-lang/scala-reflect/2.13.8/scala-reflect-2.13.8.jar
[0m[32m[D][0m Skipped configuration of SemanticDB in unsupported 2.13.8 projects
[0m[32m[D][0m Missing analysis file for project 'root'
[0m[32m[D][0m Missing analysis file for project 'root-test'
[0m[32m[D][0m Waiting for a connection at local:///var/folders/9n/_srtpnfj6zgb8zf1cd0jyfhr0000gn/T/bsp-launcher1366253366242901049/bsp.socket...
The server is listening for incoming connections at local:///var/folders/9n/_srtpnfj6zgb8zf1cd0jyfhr0000gn/T/bsp-launcher1366253366242901049/bsp.socket...
Starting thread that pumps stdin and redirects it to the bsp server...
Starting thread that pumps server stdout and redirects it to the client stdout...
[0m2022.02.18 22:59:57 INFO  tracing is disabled for protocol BSP, to enable tracing of incoming and outgoing JSON messages create an empty file at /Users/scott/Library/Caches/org.scalameta.metals/bsp.trace.json[0m
[0m2022.02.18 22:59:59 INFO  Attempting to connect to the build server...[0m
Starting the bsp launcher for bloop...
Opening a bsp server connection with 'bsp --protocol local --socket /var/folders/9n/_srtpnfj6zgb8zf1cd0jyfhr0000gn/T/bsp-launcher3613103603820490850/bsp.socket'...
Waiting for the bsp connection to come up...
[0m[32m[D][0m Loading workspace settings from bloop.settings.json
[0m[32m[D][0m Waiting for a connection at local:///var/folders/9n/_srtpnfj6zgb8zf1cd0jyfhr0000gn/T/bsp-launcher3613103603820490850/bsp.socket...
The server is listening for incoming connections at local:///var/folders/9n/_srtpnfj6zgb8zf1cd0jyfhr0000gn/T/bsp-launcher3613103603820490850/bsp.socket...
Starting thread that pumps stdin and redirects it to the bsp server...
Starting thread that pumps server stdout and redirects it to the client stdout...
[0m2022.02.18 22:59:59 INFO  tracing is disabled for protocol BSP, to enable tracing of incoming and outgoing JSON messages create an empty file at /Users/scott/Library/Caches/org.scalameta.metals/bsp.trace.json[0m
[0m2022.02.18 22:59:59 INFO  time: Connected to build server in 1.26s[0m
[0m2022.02.18 22:59:59 INFO  Connected to Build server: Bloop v1.4.8-19-4d9f966b[0m
[0m2022.02.18 23:00:02 INFO  time: indexed workspace in 2.84s[0m
[0m2022.02.18 23:00:04 INFO  Shut down connection with build server.[0m
[0m2022.02.18 23:00:04 INFO  Shut down connection with build server.[0m
No more data in the client stdin, exiting...
No more data in the client stdin, exiting...
No more data in the server stdin, exiting...
No more data in the server stdin, exiting...
No more data in the server stdin, exiting...
